2013/04/30 02:18:01 ********Server Startup*********
2013/04/30 02:18:01 ********++++++++++++++*********
2013/04/30 02:18:01 hamster is now listening on http://localhost:8686
IndexDev: 2013/04/30 02:18:01 developers collection indexed!
CreateDev: 2013/04/30 02:18:01 bson objectId ObjectIdHex("517edc81cde9e8342b000001")
CreateDev: 2013/04/30 02:18:01 encoded token: GUYTOZLEMM4DCY3EMU4WKOBTGQZGEMBQGAYDAMI= 
CreateDev: 2013/04/30 02:18:01 error in inserting data for: &{ObjectIdHex("517edc81cde9e8342b000001")  adnaan badr.adnaan@gmail.com false  2013-04-30 02:18:01.593694037 +0530 IST 2013-04-30 02:18:01.59369424 +0530 IST}, err: E11000 duplicate key error index: hamster.developers.$email_1  dup key: { : "badr.adnaan@gmail.com" } 
2013/04/30 02:18:01 ********Server Startup*********
2013/04/30 02:18:01 ********++++++++++++++*********
2013/04/30 02:18:01 hamster is now listening on http://localhost:8686
IndexDev: 2013/04/30 02:18:01 developers collection indexed!
CreateDev: 2013/04/30 02:18:01 bson objectId ObjectIdHex("517edc81cde9e8342b000002")
CreateDev: 2013/04/30 02:18:01 encoded token: GUYTOZLEMM4DCY3EMU4WKOBTGQZGEMBQGAYDAMQ= 
CreateDev: 2013/04/30 02:18:01 error in inserting data for: &{ObjectIdHex("517edc81cde9e8342b000002")  adnaan badr.adnaan@gmail.com false  2013-04-30 02:18:01.59623182 +0530 IST 2013-04-30 02:18:01.596232008 +0530 IST}, err: E11000 duplicate key error index: hamster.developers.$email_1  dup key: { : "badr.adnaan@gmail.com" } 
test: 2013/04/30 02:18:01 response: internal server error
2013/04/30 02:18:01 ********Server Startup*********
2013/04/30 02:18:01 ********++++++++++++++*********
2013/04/30 02:18:01 hamster is now listening on http://localhost:8686
IndexDev: 2013/04/30 02:18:01 developers collection indexed!
CreateDev: 2013/04/30 02:18:01 error in inserting data for: &{ObjectIdHex("")  adnaan  false  0001-01-01 00:00:00 +0000 UTC 0001-01-01 00:00:00 +0000 UTC}, email is empty 
test: 2013/04/30 02:18:01 response: email is empty
2013/04/30 02:18:51 ********Server Startup*********
2013/04/30 02:18:51 ********++++++++++++++*********
2013/04/30 02:18:51 hamster is now listening on http://localhost:8686
IndexDev: 2013/04/30 02:18:51 developers collection indexed!
CreateDev: 2013/04/30 02:18:51 bson objectId ObjectIdHex("517edcb3cde9e83446000001")
CreateDev: 2013/04/30 02:18:51 encoded token: NTE3ZWRjYjNjZGU5ZTgzNDQ2MDAwMDAx 
CreateDev: 2013/04/30 02:18:51 error in inserting data for: &{ObjectIdHex("517edcb3cde9e83446000001")  adnaan badr.adnaan@gmail.com false  2013-04-30 02:18:51.3760213 +0530 IST 2013-04-30 02:18:51.376021457 +0530 IST}, err: E11000 duplicate key error index: hamster.developers.$email_1  dup key: { : "badr.adnaan@gmail.com" } 
2013/04/30 02:18:51 ********Server Startup*********
2013/04/30 02:18:51 ********++++++++++++++*********
2013/04/30 02:18:51 hamster is now listening on http://localhost:8686
IndexDev: 2013/04/30 02:18:51 developers collection indexed!
CreateDev: 2013/04/30 02:18:51 bson objectId ObjectIdHex("517edcb3cde9e83446000002")
CreateDev: 2013/04/30 02:18:51 encoded token: NTE3ZWRjYjNjZGU5ZTgzNDQ2MDAwMDAy 
CreateDev: 2013/04/30 02:18:51 error in inserting data for: &{ObjectIdHex("517edcb3cde9e83446000002")  adnaan badr.adnaan@gmail.com false  2013-04-30 02:18:51.378625733 +0530 IST 2013-04-30 02:18:51.378625899 +0530 IST}, err: E11000 duplicate key error index: hamster.developers.$email_1  dup key: { : "badr.adnaan@gmail.com" } 
test: 2013/04/30 02:18:51 response: internal server error
2013/04/30 02:18:51 ********Server Startup*********
2013/04/30 02:18:51 ********++++++++++++++*********
2013/04/30 02:18:51 hamster is now listening on http://localhost:8686
IndexDev: 2013/04/30 02:18:51 developers collection indexed!
CreateDev: 2013/04/30 02:18:51 error in inserting data for: &{ObjectIdHex("")  adnaan  false  0001-01-01 00:00:00 +0000 UTC 0001-01-01 00:00:00 +0000 UTC}, email is empty 
test: 2013/04/30 02:18:51 response: email is empty
2013/04/30 02:22:44 ********Server Startup*********
2013/04/30 02:22:44 ********++++++++++++++*********
2013/04/30 02:22:44 hamster is now listening on http://localhost:8686
IndexDev: 2013/04/30 02:22:44 developers collection indexed!
CreateDev: 2013/04/30 02:22:44 bson objectId ObjectIdHex("517edd9ccde9e83490000001")
CreateDev: 2013/04/30 02:22:44 encoded token: MjAxMy0wNC0zMCAwMjoyMjo0NCArMDUzMCBJU1Qx 
CreateDev: 2013/04/30 02:22:44 error in inserting data for: &{ObjectIdHex("517edd9ccde9e83490000001")  adnaan badr.adnaan@gmail.com false  2013-04-30 02:22:44.12649633 +0530 IST 2013-04-30 02:22:44.126496471 +0530 IST}, err: E11000 duplicate key error index: hamster.developers.$email_1  dup key: { : "badr.adnaan@gmail.com" } 
2013/04/30 02:22:44 ********Server Startup*********
2013/04/30 02:22:44 ********++++++++++++++*********
2013/04/30 02:22:44 hamster is now listening on http://localhost:8686
IndexDev: 2013/04/30 02:22:44 developers collection indexed!
CreateDev: 2013/04/30 02:22:44 bson objectId ObjectIdHex("517edd9ccde9e83490000002")
CreateDev: 2013/04/30 02:22:44 encoded token: MjAxMy0wNC0zMCAwMjoyMjo0NCArMDUzMCBJU1Qy 
CreateDev: 2013/04/30 02:22:44 error in inserting data for: &{ObjectIdHex("517edd9ccde9e83490000002")  adnaan badr.adnaan@gmail.com false  2013-04-30 02:22:44.129149755 +0530 IST 2013-04-30 02:22:44.12914987 +0530 IST}, err: E11000 duplicate key error index: hamster.developers.$email_1  dup key: { : "badr.adnaan@gmail.com" } 
test: 2013/04/30 02:22:44 response: internal server error
2013/04/30 02:22:44 ********Server Startup*********
2013/04/30 02:22:44 ********++++++++++++++*********
2013/04/30 02:22:44 hamster is now listening on http://localhost:8686
IndexDev: 2013/04/30 02:22:44 developers collection indexed!
CreateDev: 2013/04/30 02:22:44 error in inserting data for: &{ObjectIdHex("")  adnaan  false  0001-01-01 00:00:00 +0000 UTC 0001-01-01 00:00:00 +0000 UTC}, email is empty 
test: 2013/04/30 02:22:44 response: email is empty
2013/04/30 02:23:21 ********Server Startup*********
2013/04/30 02:23:21 ********++++++++++++++*********
2013/04/30 02:23:21 hamster is now listening on http://localhost:8686
IndexDev: 2013/04/30 02:23:21 developers collection indexed!
CreateDev: 2013/04/30 02:23:21 bson objectId ObjectIdHex("517eddc1cde9e834b3000001")
CreateDev: 2013/04/30 02:23:21 encoded token: MjAxMy0wNC0zMCAwMjoyMzoyMSArMDUzMCBJU1Qx 
CreateDev: 2013/04/30 02:23:21 error in inserting data for: &{ObjectIdHex("517eddc1cde9e834b3000001")  adnaan badr.adnaan@gmail.com false  2013-04-30 02:23:21.279714961 +0530 IST 2013-04-30 02:23:21.279715099 +0530 IST}, err: E11000 duplicate key error index: hamster.developers.$email_1  dup key: { : "badr.adnaan@gmail.com" } 
2013/04/30 02:23:21 ********Server Startup*********
2013/04/30 02:23:21 ********++++++++++++++*********
2013/04/30 02:23:21 hamster is now listening on http://localhost:8686
IndexDev: 2013/04/30 02:23:21 developers collection indexed!
CreateDev: 2013/04/30 02:23:21 bson objectId ObjectIdHex("517eddc1cde9e834b3000002")
CreateDev: 2013/04/30 02:23:21 encoded token: MjAxMy0wNC0zMCAwMjoyMzoyMSArMDUzMCBJU1Qy 
CreateDev: 2013/04/30 02:23:21 error in inserting data for: &{ObjectIdHex("517eddc1cde9e834b3000002")  adnaan badr.adnaan@gmail.com false  2013-04-30 02:23:21.28231891 +0530 IST 2013-04-30 02:23:21.282319025 +0530 IST}, err: E11000 duplicate key error index: hamster.developers.$email_1  dup key: { : "badr.adnaan@gmail.com" } 
test: 2013/04/30 02:23:21 response: internal server error
2013/04/30 02:23:21 ********Server Startup*********
2013/04/30 02:23:21 ********++++++++++++++*********
2013/04/30 02:23:21 hamster is now listening on http://localhost:8686
IndexDev: 2013/04/30 02:23:21 developers collection indexed!
CreateDev: 2013/04/30 02:23:21 error in inserting data for: &{ObjectIdHex("")  adnaan  false  0001-01-01 00:00:00 +0000 UTC 0001-01-01 00:00:00 +0000 UTC}, email is empty 
test: 2013/04/30 02:23:21 response: email is empty
2013/04/30 02:36:18 ********Server Startup*********
2013/04/30 02:36:18 ********++++++++++++++*********
2013/04/30 02:36:18 hamster is now listening on http://localhost:8686
IndexDev: 2013/04/30 02:36:18 developers collection indexed!
CreateDev: 2013/04/30 02:36:18 bson objectId ObjectIdHex("517ee0cacde9e83595000001")
CreateDev: 2013/04/30 02:36:18 encoded token: MjAxMy0wNC0zMCAwMjozNjoxOCArMDUzMCBJU1Qx 
CreateDev: 2013/04/30 02:36:18 error in inserting data for: &{ObjectIdHex("517ee0cacde9e83595000001")  adnaan badr.adnaan@gmail.com false  2013-04-30 02:36:18.839849837 +0530 IST 2013-04-30 02:36:18.839849965 +0530 IST}, err: E11000 duplicate key error index: hamster.developers.$email_1  dup key: { : "badr.adnaan@gmail.com" } 
2013/04/30 02:36:18 ********Server Startup*********
2013/04/30 02:36:18 ********++++++++++++++*********
2013/04/30 02:36:18 hamster is now listening on http://localhost:8686
IndexDev: 2013/04/30 02:36:18 developers collection indexed!
CreateDev: 2013/04/30 02:36:18 bson objectId ObjectIdHex("517ee0cacde9e83595000002")
CreateDev: 2013/04/30 02:36:18 encoded token: MjAxMy0wNC0zMCAwMjozNjoxOCArMDUzMCBJU1Qy 
CreateDev: 2013/04/30 02:36:18 error in inserting data for: &{ObjectIdHex("517ee0cacde9e83595000002")  adnaan badr.adnaan@gmail.com false  2013-04-30 02:36:18.842372792 +0530 IST 2013-04-30 02:36:18.84237292 +0530 IST}, err: E11000 duplicate key error index: hamster.developers.$email_1  dup key: { : "badr.adnaan@gmail.com" } 
test: 2013/04/30 02:36:18 response: internal server error
2013/04/30 02:36:18 ********Server Startup*********
2013/04/30 02:36:18 ********++++++++++++++*********
2013/04/30 02:36:18 hamster is now listening on http://localhost:8686
IndexDev: 2013/04/30 02:36:18 developers collection indexed!
CreateDev: 2013/04/30 02:36:18 error in inserting data for: &{ObjectIdHex("")  adnaan  false  0001-01-01 00:00:00 +0000 UTC 0001-01-01 00:00:00 +0000 UTC}, email is empty 
test: 2013/04/30 02:36:18 response: email is empty
2013/04/30 02:38:26 ********Server Startup*********
2013/04/30 02:38:26 ********++++++++++++++*********
2013/04/30 02:38:26 hamster is now listening on http://localhost:8686
IndexDev: 2013/04/30 02:38:26 developers collection indexed!
CreateDev: 2013/04/30 02:38:26 bson objectId ObjectIdHex("517ee14acde9e835d3000001")
CreateDev: 2013/04/30 02:38:26 encoded token: NTE3ZWUxNGFjZGU5ZTgzNWQzMDAwMDAx 
CreateDev: 2013/04/30 02:38:26 decoded token: 517ee14acde9e835d3000001 
CreateDev: 2013/04/30 02:38:26 error in inserting data for: &{ObjectIdHex("517ee14acde9e835d3000001")  adnaan badr.adnaan@gmail.com false  2013-04-30 02:38:26.351787684 +0530 IST 2013-04-30 02:38:26.351787808 +0530 IST}, err: E11000 duplicate key error index: hamster.developers.$email_1  dup key: { : "badr.adnaan@gmail.com" } 
2013/04/30 02:38:26 ********Server Startup*********
2013/04/30 02:38:26 ********++++++++++++++*********
2013/04/30 02:38:26 hamster is now listening on http://localhost:8686
IndexDev: 2013/04/30 02:38:26 developers collection indexed!
CreateDev: 2013/04/30 02:38:26 bson objectId ObjectIdHex("517ee14acde9e835d3000002")
CreateDev: 2013/04/30 02:38:26 encoded token: NTE3ZWUxNGFjZGU5ZTgzNWQzMDAwMDAy 
CreateDev: 2013/04/30 02:38:26 decoded token: 517ee14acde9e835d3000002 
CreateDev: 2013/04/30 02:38:26 error in inserting data for: &{ObjectIdHex("517ee14acde9e835d3000002")  adnaan badr.adnaan@gmail.com false  2013-04-30 02:38:26.354425962 +0530 IST 2013-04-30 02:38:26.354426078 +0530 IST}, err: E11000 duplicate key error index: hamster.developers.$email_1  dup key: { : "badr.adnaan@gmail.com" } 
test: 2013/04/30 02:38:26 response: internal server error
2013/04/30 02:38:26 ********Server Startup*********
2013/04/30 02:38:26 ********++++++++++++++*********
2013/04/30 02:38:26 hamster is now listening on http://localhost:8686
IndexDev: 2013/04/30 02:38:26 developers collection indexed!
CreateDev: 2013/04/30 02:38:26 error in inserting data for: &{ObjectIdHex("")  adnaan  false  0001-01-01 00:00:00 +0000 UTC 0001-01-01 00:00:00 +0000 UTC}, email is empty 
test: 2013/04/30 02:38:26 response: email is empty
2013/04/30 02:42:21 ********Server Startup*********
2013/04/30 02:42:21 ********++++++++++++++*********
2013/04/30 02:42:21 hamster is now listening on http://localhost:8686
IndexDev: 2013/04/30 02:42:21 developers collection indexed!
CreateDev: 2013/04/30 02:42:21 bson objectId ObjectIdHex("517ee235cde9e83612000001")
CreateDev: 2013/04/30 02:42:21 encoded token: NTE3ZWUyMzVjZGU5ZTgzNjEyMDAwMDAx 
CreateDev: 2013/04/30 02:42:21 created new developer: &{Id:ObjectIdHex("517ee235cde9e83612000001") ParentId: Name:adnaan Email:badr.adnaan@gmail.com Verified:false Password: Created:2013-04-30 02:42:21.543274382 +0530 IST Updated:2013-04-30 02:42:21.543274562 +0530 IST UrlToken:NTE3ZWUyMzVjZGU5ZTgzNjEyMDAwMDAx}, id: %v(MISSING)
test: 2013/04/30 02:42:21 response: {
  "c": "",
  "s": 200,
  "d": {
    "id": "517ee235cde9e83612000001",
    "parentId": "",
    "name": "adnaan",
    "email": "badr.adnaan@gmail.com",
    "verified": false,
    "password": "",
    "created": "2013-04-30T02:42:21.543274382+05:30",
    "updated": "2013-04-30T02:42:21.543274562+05:30",
    "urltoken": "NTE3ZWUyMzVjZGU5ZTgzNjEyMDAwMDAx"
  },
  "e": ""
}
2013/04/30 02:42:21 ********Server Startup*********
2013/04/30 02:42:21 ********++++++++++++++*********
2013/04/30 02:42:21 hamster is now listening on http://localhost:8686
IndexDev: 2013/04/30 02:42:21 developers collection indexed!
CreateDev: 2013/04/30 02:42:21 bson objectId ObjectIdHex("517ee235cde9e83612000002")
CreateDev: 2013/04/30 02:42:21 encoded token: NTE3ZWUyMzVjZGU5ZTgzNjEyMDAwMDAy 
CreateDev: 2013/04/30 02:42:21 created new developer: &{Id:ObjectIdHex("517ee235cde9e83612000002") ParentId: Name:adnaan Email:badr.adnaan@gmail.com Verified:false Password: Created:2013-04-30 02:42:21.545976064 +0530 IST Updated:2013-04-30 02:42:21.545976188 +0530 IST UrlToken:NTE3ZWUyMzVjZGU5ZTgzNjEyMDAwMDAy}, id: %v(MISSING)
2013/04/30 02:42:21 ********Server Startup*********
2013/04/30 02:42:21 ********++++++++++++++*********
2013/04/30 02:42:21 hamster is now listening on http://localhost:8686
IndexDev: 2013/04/30 02:42:21 developers collection indexed!
CreateDev: 2013/04/30 02:42:21 error in inserting data for: &{ObjectIdHex("")  adnaan  false  0001-01-01 00:00:00 +0000 UTC 0001-01-01 00:00:00 +0000 UTC }, email is empty 
test: 2013/04/30 02:42:21 response: email is empty
2013/04/30 02:44:38 ********Server Startup*********
2013/04/30 02:44:38 ********++++++++++++++*********
2013/04/30 02:44:38 hamster is now listening on http://localhost:8686
IndexDev: 2013/04/30 02:44:38 failed indexing developers, err: E11000 duplicate key error index: hamster.developers.$email_1  dup key: { : "badr.adnaan@gmail.com" } 
CreateDev: 2013/04/30 02:44:38 bson objectId ObjectIdHex("517ee2becde9e83641000001")
CreateDev: 2013/04/30 02:44:38 encoded token: NTE3ZWUyYmVjZGU5ZTgzNjQxMDAwMDAx 
CreateDev: 2013/04/30 02:44:38 created new developer: &{Id:ObjectIdHex("517ee2becde9e83641000001") ParentId: Name:adnaan Email:badr.adnaan@gmail.com Verified:false Password: Created:2013-04-30 02:44:38.944755187 +0530 IST Updated:2013-04-30 02:44:38.944755324 +0530 IST UrlToken:NTE3ZWUyYmVjZGU5ZTgzNjQxMDAwMDAx}, id: %v(MISSING)
test: 2013/04/30 02:44:38 response: {
  "c": "",
  "s": 200,
  "d": {
    "id": "517ee2becde9e83641000001",
    "parentId": "",
    "name": "adnaan",
    "email": "badr.adnaan@gmail.com",
    "verified": false,
    "password": "",
    "created": "2013-04-30T02:44:38.944755187+05:30",
    "updated": "2013-04-30T02:44:38.944755324+05:30",
    "urltoken": "NTE3ZWUyYmVjZGU5ZTgzNjQxMDAwMDAx"
  },
  "e": ""
}
2013/04/30 02:44:38 ********Server Startup*********
2013/04/30 02:44:38 ********++++++++++++++*********
2013/04/30 02:44:38 hamster is now listening on http://localhost:8686
IndexDev: 2013/04/30 02:44:38 failed indexing developers, err: E11000 duplicate key error index: hamster.developers.$email_1  dup key: { : "badr.adnaan@gmail.com" } 
CreateDev: 2013/04/30 02:44:38 bson objectId ObjectIdHex("517ee2becde9e83641000002")
CreateDev: 2013/04/30 02:44:38 encoded token: NTE3ZWUyYmVjZGU5ZTgzNjQxMDAwMDAy 
CreateDev: 2013/04/30 02:44:38 created new developer: &{Id:ObjectIdHex("517ee2becde9e83641000002") ParentId: Name:adnaan Email:badr.adnaan@gmail.com Verified:false Password: Created:2013-04-30 02:44:38.948357226 +0530 IST Updated:2013-04-30 02:44:38.948357305 +0530 IST UrlToken:NTE3ZWUyYmVjZGU5ZTgzNjQxMDAwMDAy}, id: %v(MISSING)
2013/04/30 02:44:38 ********Server Startup*********
2013/04/30 02:44:38 ********++++++++++++++*********
2013/04/30 02:44:38 hamster is now listening on http://localhost:8686
IndexDev: 2013/04/30 02:44:38 failed indexing developers, err: E11000 duplicate key error index: hamster.developers.$email_1  dup key: { : "badr.adnaan@gmail.com" } 
CreateDev: 2013/04/30 02:44:38 error in inserting data for: &{ObjectIdHex("")  adnaan  false  0001-01-01 00:00:00 +0000 UTC 0001-01-01 00:00:00 +0000 UTC }, email is empty 
test: 2013/04/30 02:44:38 response: email is empty
2013/04/30 02:45:05 ********Server Startup*********
2013/04/30 02:45:05 ********++++++++++++++*********
2013/04/30 02:45:05 hamster is now listening on http://localhost:8686
IndexDev: 2013/04/30 02:45:05 developers collection indexed!
CreateDev: 2013/04/30 02:45:05 bson objectId ObjectIdHex("517ee2d9cde9e83660000001")
CreateDev: 2013/04/30 02:45:05 encoded token: NTE3ZWUyZDljZGU5ZTgzNjYwMDAwMDAx 
CreateDev: 2013/04/30 02:45:05 created new developer: &{Id:ObjectIdHex("517ee2d9cde9e83660000001") ParentId: Name:adnaan Email:badr.adnaan@gmail.com Verified:false Password: Created:2013-04-30 02:45:05.30686245 +0530 IST Updated:2013-04-30 02:45:05.306862515 +0530 IST UrlToken:NTE3ZWUyZDljZGU5ZTgzNjYwMDAwMDAx}, id: %v(MISSING)
test: 2013/04/30 02:45:05 response: {
  "c": "",
  "s": 200,
  "d": {
    "id": "517ee2d9cde9e83660000001",
    "parentId": "",
    "name": "adnaan",
    "email": "badr.adnaan@gmail.com",
    "verified": false,
    "password": "",
    "created": "2013-04-30T02:45:05.30686245+05:30",
    "updated": "2013-04-30T02:45:05.306862515+05:30",
    "urltoken": "NTE3ZWUyZDljZGU5ZTgzNjYwMDAwMDAx"
  },
  "e": ""
}
2013/04/30 02:45:05 ********Server Startup*********
2013/04/30 02:45:05 ********++++++++++++++*********
2013/04/30 02:45:05 hamster is now listening on http://localhost:8686
IndexDev: 2013/04/30 02:45:05 developers collection indexed!
CreateDev: 2013/04/30 02:45:05 bson objectId ObjectIdHex("517ee2d9cde9e83660000002")
CreateDev: 2013/04/30 02:45:05 encoded token: NTE3ZWUyZDljZGU5ZTgzNjYwMDAwMDAy 
CreateDev: 2013/04/30 02:45:05 error in inserting data for: &{ObjectIdHex("517ee2d9cde9e83660000002")  adnaan badr.adnaan@gmail.com false  2013-04-30 02:45:05.309553143 +0530 IST 2013-04-30 02:45:05.309553265 +0530 IST NTE3ZWUyZDljZGU5ZTgzNjYwMDAwMDAy}, err: E11000 duplicate key error index: hamster.developers.$email_1  dup key: { : "badr.adnaan@gmail.com" } 
test: 2013/04/30 02:45:05 response: internal server error
2013/04/30 02:45:05 ********Server Startup*********
2013/04/30 02:45:05 ********++++++++++++++*********
2013/04/30 02:45:05 hamster is now listening on http://localhost:8686
IndexDev: 2013/04/30 02:45:05 developers collection indexed!
CreateDev: 2013/04/30 02:45:05 error in inserting data for: &{ObjectIdHex("")  adnaan  false  0001-01-01 00:00:00 +0000 UTC 0001-01-01 00:00:00 +0000 UTC }, email is empty 
test: 2013/04/30 02:45:05 response: email is empty
